<?xml version="1.0" encoding="utf-8"?><testsuites name="pytest tests"><testsuite name="pytest" errors="0" failures="0" skipped="0" tests="20" time="4.162" timestamp="2026-07-22T22:06:13.715943+00:00" hostname="agent-env-97bc428b-e1e6-492d-a268-565c0436dcc5"><testcase classname="tests.test_iteration3.TestPasswordReset" name="test_setup_user" time="0.349" /><testcase classname="tests.test_iteration3.TestRegression" name="test_products_list" time="0.349" /><testcase classname="tests.test_iteration3.TestRegression" name="test_admin_login" time="0.318" /><testcase classname="tests.test_iteration3.TestPasswordReset" name="test_request_existing_returns_ok" time="0.331" /><testcase classname="tests.test_iteration3.TestRegression" name="test_public_settings_no_leak" time="0.095" /><testcase classname="tests.test_iteration3.TestPasswordReset" name="test_request_nonexistent_returns_ok" time="0.080" /><testcase classname="tests.test_iteration3.TestPasswordReset" name="test_token_persisted_in_db" time="0.502" /><testcase classname="tests.test_iteration3.TestRegression" name="test_promo_validate" time="0.102" /><testcase classname="tests.test_iteration3.TestRegression" name="test_admin_analytics" time="0.420" /><testcase classname="tests.test_iteration3.TestPasswordReset" name="test_confirm_with_invalid_token_returns_400" time="0.079" /><testcase classname="tests.test_iteration3.TestRegression" name="test_admin_orders" time="0.108" /><testcase classname="tests.test_iteration3.TestPasswordReset" name="test_confirm_with_valid_token_resets_password" time="0.317" /><testcase classname="tests.test_iteration3.TestRegression" name="test_checkout_creates_stripe_session" time="0.946" /><testcase classname="tests.test_iteration3.TestPasswordReset" name="test_login_with_new_password" time="0.906" /><testcase classname="tests.test_iteration3.TestGoogleSession" name="test_invalid_session_id_returns_401" time="0.402" /><testcase classname="tests.test_iteration3.TestPasswordReset" name="test_reuse_token_returns_400" time="0.079" /><testcase classname="tests.test_iteration3.TestPasswordReset" name="test_cleanup" time="0.001" /><testcase classname="tests.test_iteration3.TestJellyEdition" name="test_jelly_has_edition_and_stock" time="0.075" /><testcase classname="tests.test_iteration3.TestGoogleSession" name="test_empty_session_id_returns_error" time="0.245" /><testcase classname="tests.test_iteration3.TestRegisterWelcomeEmail" name="test_register_returns_token_and_no_crash" time="0.307" /></testsuite></testsuites>