<?xml version="1.0" encoding="utf-8"?><testsuites name="pytest tests"><testsuite name="pytest" errors="0" failures="0" skipped="0" tests="15" time="2.628" timestamp="2026-07-22T22:23:51.119733+00:00" hostname="agent-env-97bc428b-e1e6-492d-a268-565c0436dcc5"><testcase classname="tests.test_iteration4.TestJellyReverted" name="test_jelly_detail_no_edition_field" time="0.455" /><testcase classname="tests.test_iteration4.TestGeneral" name="test_products_list" time="0.148" /><testcase classname="tests.test_iteration4.TestGeneral" name="test_admin_login" time="0.301" /><testcase classname="tests.test_iteration4.TestGeneral" name="test_public_settings_no_leak" time="0.080" /><testcase classname="tests.test_iteration4.TestJellyReverted" name="test_jelly_list_no_edition_field" time="0.077" /><testcase classname="tests.test_iteration4.TestJellyReverted" name="test_jelly_has_6_customer_asset_images" time="0.292" /><testcase classname="tests.test_iteration4.TestGeneral" name="test_admin_settings_has_company_info" time="0.370" /><testcase classname="tests.test_iteration4.TestJellyReverted" name="test_jelly_core_fields_intact" time="0.082" /><testcase classname="tests.test_iteration4.TestGeneral" name="test_checkout_creates_stripe_session" time="0.874" /><testcase classname="tests.test_iteration4.TestPasswordResetRegression" name="test_register_no_crash_email_noop" time="0.303" /><testcase classname="tests.test_iteration4.TestPasswordResetRegression" name="test_password_reset_request_ok" time="0.564" /><testcase classname="tests.test_iteration4.TestGeneral" name="test_admin_analytics" time="0.078" /><testcase classname="tests.test_iteration4.TestPasswordResetRegression" name="test_password_reset_request_nonexistent_ok" time="0.073" /><testcase classname="tests.test_iteration4.TestPasswordResetRegression" name="test_password_reset_confirm_bad_token_400" time="0.093" /><testcase classname="tests.test_iteration4.TestGoogleSessionRegression" name="test_invalid_session_id_returns_401" time="0.318" /></testsuite></testsuites>