<?xml version="1.0" encoding="utf-8"?><testsuites name="pytest tests"><testsuite name="pytest" errors="0" failures="1" skipped="1" tests="17" time="2.291" timestamp="2026-07-22T21:23:23.707245+00:00" hostname="agent-env-97bc428b-e1e6-492d-a268-565c0436dcc5"><testcase classname="tests.test_nova_milan.TestRegression" name="test_products_list" time="0.227" /><testcase classname="tests.test_nova_milan.TestMediaLibrary" name="test_upload_requires_auth" time="0.121" /><testcase classname="tests.test_nova_milan.TestMediaLibrary" name="test_list_requires_auth" time="0.097" /><testcase classname="tests.test_nova_milan.TestRegression" name="test_admin_login" time="0.303" /><testcase classname="tests.test_nova_milan.TestRegression" name="test_promo_validate" time="0.256"><failure message="assert 405 == 200&#10; +  where 405 = &lt;Response [405]&gt;.status_code">backend/tests/test_nova_milan.py:137: in test_promo_validate
    assert r.status_code == 200
E   assert 405 == 200
E    +  where 405 = &lt;Response [405]&gt;.status_code</failure></testcase><testcase classname="tests.test_nova_milan.TestMediaLibrary" name="test_upload_png_success" time="0.644" /><testcase classname="tests.test_nova_milan.TestMediaLibrary" name="test_serve_media" time="0.267" /><testcase classname="tests.test_nova_milan.TestRegression" name="test_admin_analytics" time="0.395" /><testcase classname="tests.test_nova_milan.TestMediaLibrary" name="test_list_media_includes_upload" time="0.080" /><testcase classname="tests.test_nova_milan.TestRegression" name="test_admin_orders" time="0.140" /><testcase classname="tests.test_nova_milan.TestMediaLibrary" name="test_reject_non_image" time="0.083" /><testcase classname="tests.test_nova_milan.TestMediaLibrary" name="test_reject_txt" time="0.123" /><testcase classname="tests.test_nova_milan.TestRegression" name="test_checkout_creates_session" time="0.238"><skipped type="pytest.skip" message="Checkout returned 422: {&quot;detail&quot;:[{&quot;type&quot;:&quot;missing&quot;,&quot;loc&quot;:[&quot;body&quot;,&quot;origin_url&quot;],&quot;msg&quot;:&quot;Field required&quot;,&quot;input&quot;:{&quot;items&quot;:[{&quot;product_id&quot;:&quot;e41cb2c1-dc15-484f-8a85-1eab79ba11fd&quot;,&quot;quantity&quot;:1,&quot;variant&quot;:{&quot;color_key&quot;:&quot;citron&quot;,&quot;col">/app/backend/tests/test_nova_milan.py:167: Checkout returned 422: {"detail":[{"type":"missing","loc":["body","origin_url"],"msg":"Field required","input":{"items":[{"product_id":"e41cb2c1-dc15-484f-8a85-1eab79ba11fd","quantity":1,"variant":{"color_key":"citron","col</skipped></testcase><testcase classname="tests.test_nova_milan.TestMediaLibrary" name="test_delete_media" time="0.201" /><testcase classname="tests.test_nova_milan.TestAdminSettings" name="test_admin_settings_has_company_info" time="0.086" /><testcase classname="tests.test_nova_milan.TestPublicSettingsPrivacy" name="test_public_settings_no_company_info" time="0.118" /><testcase classname="tests.test_nova_milan.TestAdminSettings" name="test_admin_settings_requires_auth" time="0.071" /></testsuite></testsuites>